<?xml version="1.0" encoding="UTF-8"?>
<testng-results skipped="0" failed="0" ignored="0" total="1" passed="1">
  <reporter-output>
  </reporter-output>
  <suite name="Surefire suite" duration-ms="31" started-at="2021-03-25T07:45:40 IST" finished-at="2021-03-25T07:45:40 IST">
    <groups>
    </groups>
    <test name="Surefire test" duration-ms="31" started-at="2021-03-25T07:45:40 IST" finished-at="2021-03-25T07:45:40 IST">
      <class name="qaclickacademy.MavenJava.AppTest">
        <test-method status="PASS" signature="testApp()" name="testApp" duration-ms="0" started-at="2021-03-25T07:45:40 IST" finished-at="2021-03-25T07:45:40 IST">
          <reporter-output>
          </reporter-output>
        </test-method> <!-- testApp -->
      </class> <!-- qaclickacademy.MavenJava.AppTest -->
    </test> <!-- Surefire test -->
  </suite> <!-- Surefire suite -->
</testng-results>
