<?xml version="1.0" encoding="UTF-8"?>
<!-- Generated by org.testng.reporters.JUnitXMLReporter -->
<testsuite hostname="LAPTOP-1C4BBRMC" ignored="0" name="Command line test" tests="3" failures="0" timestamp="25 Mar 2021 11:12:52 GMT" time="20.797" errors="0">
  <testcase name="demo2" time="20.293" classname="qaclickacademy.MavenJava.APITest"/>
  <testcase name="demo" time="0.012" classname="qaclickacademy.MavenJava.SeleniumAppTest"/>
  <testcase name="demo1" time="0.001" classname="qaclickacademy.MavenJava.SeleniumAppTest"/>
</testsuite> <!-- Command line test -->
