<?xml version="1.0" encoding="UTF-8"?>
<!-- Generated by org.testng.reporters.JUnitXMLReporter -->
<testsuite hostname="LAPTOP-1C4BBRMC" ignored="0" name="Surefire test" tests="3" failures="0" timestamp="2021-03-25T07:45:40 IST" time="0.047" errors="0">
  <testcase name="demo2" time="0.0" classname="qaclickacademy.MavenJava.APITest"/>
  <testcase name="demo" time="0.0" classname="qaclickacademy.MavenJava.SeleniumAppTest"/>
  <testcase name="demo1" time="0.0" classname="qaclickacademy.MavenJava.SeleniumAppTest"/>
</testsuite> <!-- Surefire test -->
