<?xml version="1.0" encoding="UTF-8"?>
<testng-results skipped="0" failed="0" ignored="0" total="3" passed="3">
  <reporter-output>
  </reporter-output>
  <suite name="Surefire suite" duration-ms="47" started-at="2021-03-25T07:45:40 IST" finished-at="2021-03-25T07:45:40 IST">
    <groups>
    </groups>
    <test name="Surefire test" duration-ms="47" started-at="2021-03-25T07:45:40 IST" finished-at="2021-03-25T07:45:40 IST">
      <class name="qaclickacademy.MavenJava.SeleniumAppTest">
        <test-method status="PASS" signature="demo1()[pri:0, instance:qaclickacademy.MavenJava.SeleniumAppTest@69ea3742]" name="demo1" duration-ms="0" started-at="2021-03-25T07:45:40 IST" finished-at="2021-03-25T07:45:40 IST">
          <reporter-output>
          </reporter-output>
        </test-method> <!-- demo1 -->
        <test-method status="PASS" signature="demo()[pri:0, instance:qaclickacademy.MavenJava.SeleniumAppTest@69ea3742]" name="demo" duration-ms="0" started-at="2021-03-25T07:45:40 IST" finished-at="2021-03-25T07:45:40 IST">
          <reporter-output>
          </reporter-output>
        </test-method> <!-- demo -->
      </class> <!-- qaclickacademy.MavenJava.SeleniumAppTest -->
      <class name="qaclickacademy.MavenJava.APITest">
        <test-method status="PASS" signature="demo2()[pri:0, instance:qaclickacademy.MavenJava.APITest@5702b3b1]" name="demo2" duration-ms="0" started-at="2021-03-25T07:45:40 IST" finished-at="2021-03-25T07:45:40 IST">
          <reporter-output>
          </reporter-output>
        </test-method> <!-- demo2 -->
      </class> <!-- qaclickacademy.MavenJava.APITest -->
    </test> <!-- Surefire test -->
  </suite> <!-- Surefire suite -->
</testng-results>
