<?xml version="1.0" encoding="UTF-8"?>
<!-- Generated by org.testng.reporters.JUnitXMLReporter -->
<testsuite hostname="LAPTOP-1C4BBRMC" ignored="0" name="Test" tests="3" failures="0" timestamp="25 Mar 2021 02:34:44 GMT" time="0.016" errors="0">
  <testcase name="demo" time="0.0" classname="qaclickacademy.MavenJava.SeleniumAppTest"/>
  <testcase name="demo1" time="0.0" classname="qaclickacademy.MavenJava.SeleniumAppTest"/>
  <testcase name="demo2" time="0.0" classname="qaclickacademy.MavenJava.APITest"/>
</testsuite> <!-- Test -->
